1611229548049	geckodriver	INFO	Listening on 127.0.0.1:62404
1611229549056	mozrunner::runner	INFO	Running command: "/Applications/Firefox.app/Contents/MacOS/firefox-bin" "--marionette" "-foreground" "-no-remote" "-profile" "/var/folders/x2/6xzxvt691pbf0npsg9bjymh40000gn/T/rust_mozprofilevec6Hn"
console.warn: SearchSettings: "get: No settings file exists, new profile?" (new Error("", "(unknown module)"))
1611229552153	Marionette	INFO	Listening on port 62415
1611229552291	Marionette	WARN	TLS certificate errors will be ignored for this session
JavaScript warning: https://ajax.googleapis.com/ajax/libs/jquery/1.3.2/jquery.min.js, line 19: unreachable code after return statement
JavaScript warning: https://api.cazamba.com/common/czmb.min.js, line 2: Using //@ to indicate sourceMappingURL pragmas is deprecated. Use //# instead
1611229559402	Marionette	INFO	Stopped listening on port 62415

###!!! [Parent][RunMessage] Error: Channel closing: too late to send/recv, messages will be lost

1611229581550	geckodriver	INFO	Listening on 127.0.0.1:62537
1611229582556	mozrunner::runner	INFO	Running command: "/Applications/Firefox.app/Contents/MacOS/firefox-bin" "--marionette" "-foreground" "-no-remote" "-profile" "/var/folders/x2/6xzxvt691pbf0npsg9bjymh40000gn/T/rust_mozprofile1JhJav"
console.warn: SearchSettings: "get: No settings file exists, new profile?" (new Error("", "(unknown module)"))
1611229585333	Marionette	INFO	Listening on port 62548
1611229585365	Marionette	WARN	TLS certificate errors will be ignored for this session
JavaScript warning: https://ajax.googleapis.com/ajax/libs/jquery/1.3.2/jquery.min.js, line 19: unreachable code after return statement
JavaScript warning: https://api.cazamba.com/common/czmb.min.js, line 2: Using //@ to indicate sourceMappingURL pragmas is deprecated. Use //# instead
JavaScript error: , line 0: NotFoundError: No such JSWindowActor 'MarionetteEvents'
JavaScript error: , line 0: NotFoundError: No such JSWindowActor 'MarionetteEvents'
1611229592174	Marionette	INFO	Stopped listening on port 62548
1611229618344	geckodriver	INFO	Listening on 127.0.0.1:62668
1611229619359	mozrunner::runner	INFO	Running command: "/Applications/Firefox.app/Contents/MacOS/firefox-bin" "--marionette" "-foreground" "-no-remote" "-profile" "/var/folders/x2/6xzxvt691pbf0npsg9bjymh40000gn/T/rust_mozprofile3Lbeq8"
console.warn: SearchSettings: "get: No settings file exists, new profile?" (new Error("", "(unknown module)"))
1611229622196	Marionette	INFO	Listening on port 62679
1611229622299	Marionette	WARN	TLS certificate errors will be ignored for this session
JavaScript warning: https://api.cazamba.com/common/czmb.min.js, line 2: Using //@ to indicate sourceMappingURL pragmas is deprecated. Use //# instead
JavaScript warning: https://ajax.googleapis.com/ajax/libs/jquery/1.3.2/jquery.min.js, line 19: unreachable code after return statement
JavaScript warning: https://ajax.googleapis.com/ajax/libs/jquery/1.3.2/jquery.min.js, line 19: unreachable code after return statement
JavaScript warning: https://api.cazamba.com/common/czmb.min.js, line 2: Using //@ to indicate sourceMappingURL pragmas is deprecated. Use //# instead
JavaScript error: https://ajax.googleapis.com/ajax/libs/jquery/1.3.2/jquery.min.js, line 12: TypeError: Node.appendChild: Argument 1 is not an object.
1611229772530	geckodriver	INFO	Listening on 127.0.0.1:63013
1611229773540	mozrunner::runner	INFO	Running command: "/Applications/Firefox.app/Contents/MacOS/firefox-bin" "--marionette" "-foreground" "-no-remote" "-profile" "/var/folders/x2/6xzxvt691pbf0npsg9bjymh40000gn/T/rust_mozprofileKybHK4"
console.warn: SearchSettings: "get: No settings file exists, new profile?" (new Error("", "(unknown module)"))
1611229776406	Marionette	INFO	Listening on port 63024
1611229776537	Marionette	WARN	TLS certificate errors will be ignored for this session
JavaScript warning: https://ajax.googleapis.com/ajax/libs/jquery/1.3.2/jquery.min.js, line 19: unreachable code after return statement
JavaScript warning: https://api.cazamba.com/common/czmb.min.js, line 2: Using //@ to indicate sourceMappingURL pragmas is deprecated. Use //# instead
JavaScript error: , line 0: NotFoundError: No such JSWindowActor 'MarionetteEvents'
JavaScript error: , line 0: NotFoundError: No such JSWindowActor 'MarionetteEvents'
JavaScript warning: https://api.cazamba.com/common/czmb.min.js, line 2: Using //@ to indicate sourceMappingURL pragmas is deprecated. Use //# instead
JavaScript warning: https://ajax.googleapis.com/ajax/libs/jquery/1.3.2/jquery.min.js, line 19: unreachable code after return statement
JavaScript error: , line 0: NotFoundError: No such JSWindowActor 'MarionetteEvents'
1611229957991	geckodriver	INFO	Listening on 127.0.0.1:63377
1611229959003	mozrunner::runner	INFO	Running command: "/Applications/Firefox.app/Contents/MacOS/firefox-bin" "--marionette" "-foreground" "-no-remote" "-profile" "/var/folders/x2/6xzxvt691pbf0npsg9bjymh40000gn/T/rust_mozprofileYAzCu6"
console.warn: SearchSettings: "get: No settings file exists, new profile?" (new Error("", "(unknown module)"))
1611229962908	Marionette	INFO	Listening on port 63388
1611229962974	Marionette	WARN	TLS certificate errors will be ignored for this session
1611229964633	Marionette	INFO	Stopped listening on port 62679
JavaScript warning: https://api.cazamba.com/common/czmb.min.js, line 2: Using //@ to indicate sourceMappingURL pragmas is deprecated. Use //# instead
JavaScript warning: https://ajax.googleapis.com/ajax/libs/jquery/1.3.2/jquery.min.js, line 19: unreachable code after return statement

###!!! [Child][RunMessage] Error: Channel closing: too late to send/recv, messages will be lost

1611229966526	Marionette	INFO	Stopped listening on port 63024

###!!! [Parent][RunMessage] Error: Channel closing: too late to send/recv, messages will be lost

1611229983660	geckodriver	INFO	Listening on 127.0.0.1:63527
1611229984670	mozrunner::runner	INFO	Running command: "/Applications/Firefox.app/Contents/MacOS/firefox-bin" "--marionette" "-foreground" "-no-remote" "-profile" "/var/folders/x2/6xzxvt691pbf0npsg9bjymh40000gn/T/rust_mozprofilezbeRWa"
console.warn: SearchSettings: "get: No settings file exists, new profile?" (new Error("", "(unknown module)"))
1611229987386	Marionette	INFO	Listening on port 63538
1611229987481	Marionette	WARN	TLS certificate errors will be ignored for this session
JavaScript warning: https://api.cazamba.com/common/czmb.min.js, line 2: Using //@ to indicate sourceMappingURL pragmas is deprecated. Use //# instead
JavaScript warning: https://ajax.googleapis.com/ajax/libs/jquery/1.3.2/jquery.min.js, line 19: unreachable code after return statement
1611230000437	Marionette	INFO	Stopped listening on port 63538
1611230214349	geckodriver	INFO	Listening on 127.0.0.1:63752
1611230215356	mozrunner::runner	INFO	Running command: "/Applications/Firefox.app/Contents/MacOS/firefox-bin" "--marionette" "-foreground" "-no-remote" "-profile" "/var/folders/x2/6xzxvt691pbf0npsg9bjymh40000gn/T/rust_mozprofileFOTr91"
console.warn: SearchSettings: "get: No settings file exists, new profile?" (new Error("", "(unknown module)"))
1611230218372	Marionette	INFO	Listening on port 63763
1611230218487	Marionette	WARN	TLS certificate errors will be ignored for this session
JavaScript warning: https://ajax.googleapis.com/ajax/libs/jquery/1.3.2/jquery.min.js, line 19: unreachable code after return statement
JavaScript warning: https://api.cazamba.com/common/czmb.min.js, line 2: Using //@ to indicate sourceMappingURL pragmas is deprecated. Use //# instead
JavaScript error: , line 0: NotFoundError: No such JSWindowActor 'MarionetteEvents'
JavaScript error: , line 0: NotFoundError: No such JSWindowActor 'MarionetteEvents'
JavaScript warning: https://ajax.googleapis.com/ajax/libs/jquery/1.3.2/jquery.min.js, line 19: unreachable code after return statement
JavaScript error: , line 0: NotFoundError: No such JSWindowActor 'MarionetteEvents'
JavaScript error: , line 0: NotFoundError: No such JSWindowActor 'MarionetteEvents'
JavaScript warning: https://ajax.googleapis.com/ajax/libs/jquery/1.3.2/jquery.min.js, line 19: unreachable code after return statement
JavaScript warning: https://ajax.googleapis.com/ajax/libs/jquery/1.3.2/jquery.min.js, line 19: unreachable code after return statement
JavaScript error: , line 0: NotFoundError: No such JSWindowActor 'MarionetteEvents'
JavaScript error: , line 0: NotFoundError: No such JSWindowActor 'MarionetteEvents'
JavaScript error: , line 0: NotFoundError: No such JSWindowActor 'MarionetteEvents'
JavaScript error: , line 0: NotFoundError: No such JSWindowActor 'MarionetteEvents'
JavaScript error: , line 0: NotFoundError: No such JSWindowActor 'MarionetteEvents'
JavaScript error: , line 0: NotFoundError: No such JSWindowActor 'MarionetteEvents'
JavaScript error: , line 0: NotFoundError: No such JSWindowActor 'MarionetteEvents'
JavaScript error: , line 0: NotFoundError: No such JSWindowActor 'MarionetteEvents'
JavaScript error: , line 0: NotFoundError: No such JSWindowActor 'MarionetteEvents'
JavaScript error: , line 0: NotFoundError: No such JSWindowActor 'MarionetteEvents'
Exiting due to channel error.
[GFX1-]: Receive IPC close with reason=AbnormalShutdown
[GFX1-]: Receive IPC close with reason=AbnormalShutdown
Exiting due to channel error.
Exiting due to channel error.
